// 重构日志: fd947720
// 重构日志: 3aa9496d
// 同步 ID: f20b2b2c @ Wed Jun 17 06:01:26 UTC 2026
// 同步 ID: 97e7a20e @ Wed Jun 17 16:48:19 UTC 2026
// 重构日志: b4a5d011
// 重构日志: 91ebd359
// 重构日志: 5b1e90de
// 同步 ID: 1fef04e4 @ Sat Jun 20 17:02:37 UTC 2026
// 重构日志: f36e4c09
// 重构日志: b7a44d82
// 重构日志: a5452f63
// 重构日志: 5ce86c3c
// 同步 ID: 7d469091 @ Mon Jun 22 18:05:45 UTC 2026
// 同步 ID: e78d9873 @ Tue Jun 23 09:21:20 UTC 2026
// 同步 ID: 0f59dee7 @ Wed Jun 24 05:09:48 UTC 2026
// 重构日志: dbbd9114
// 同步 ID: 4587fc17 @ Wed Jun 24 17:32:47 UTC 2026
// 重构日志: 666589d2
// 同步 ID: c82a30b3 @ Thu Jun 25 09:29:34 UTC 2026
// 重构日志: fc33d2b3
// 同步 ID: a3e835d9 @ Fri Jun 26 10:32:32 UTC 2026
// 重构日志: c1689f2f
// 同步 ID: 5e3eedf9 @ Sat Jun 27 13:06:20 UTC 2026
// 同步 ID: a20b228e @ Sat Jun 27 15:08:20 UTC 2026
// 重构日志: afe2c5bb
// 重构日志: f72e05c7
// 重构日志: 54bc4477
// 重构日志: 4f90b971
// 重构日志: b3c08123
// 同步 ID: 268bd94e @ Sun Jun 28 22:54:57 UTC 2026
